2021-02-15 12:12:31,856 INFO o.h.v.i.u.Version [background-preinit] HV000001: Hibernate Validator 6.1.7.Final
2021-02-15 12:12:31,952 INFO o.s.b.StartupInfoLogger [main] Starting ProductAppApplicationTests using Java 11.0.10 on DESKTOP-90MK3Q5 with PID 18448 (started by aritr in C:\Users\aritr\Documents\ws_new\ProductApp)
2021-02-15 12:12:31,965 INFO o.s.b.SpringApplication [main] No active profile set, falling back to default profiles: default
2021-02-15 12:12:34,358 INFO o.s.d.r.c.RepositoryConfigurationDelegate [main] Bootstrapping Spring Data JPA repositories in DEFAULT mode.
2021-02-15 12:12:34,487 INFO o.s.d.r.c.RepositoryConfigurationDelegate [main] Finished Spring Data repository scanning in 112 ms. Found 1 JPA repository interfaces.
2021-02-15 12:12:35,269 INFO o.s.c.c.s.GenericScope [main] BeanFactory id=4f0fa8fe-5da2-3143-b51c-72ea9efd136f
2021-02-15 12:12:35,470 INFO o.s.c.s.PostProcessorRegistrationDelegate$BeanPostProcessorChecker [main] Bean 'com.tnf.usecase.service.CurrencyService' of type [org.springframework.cloud.openfeign.FeignClientFactoryBean] is not eligible for getting processed by all BeanPostProcessors (for example: not eligible for auto-proxying)
2021-02-15 12:12:36,370 INFO c.z.h.HikariDataSource [main] HikariPool-1 - Starting...
2021-02-15 12:12:36,943 INFO c.z.h.HikariDataSource [main] HikariPool-1 - Start completed.
2021-02-15 12:12:37,149 INFO o.h.j.i.u.LogHelper [main] HHH000204: Processing PersistenceUnitInfo [name: default]
2021-02-15 12:12:37,342 INFO o.h.Version [main] HHH000412: Hibernate ORM core version 5.4.27.Final
2021-02-15 12:12:37,710 INFO o.h.a.c.r.j.JavaReflectionManager [main] HCANN000001: Hibernate Commons Annotations {5.1.2.Final}
2021-02-15 12:12:38,123 INFO o.h.d.Dialect [main] HHH000400: Using dialect: org.hibernate.dialect.H2Dialect
2021-02-15 12:12:39,741 DEBUG o.h.e.j.s.SqlStatementLogger [main] drop table if exists product CASCADE 
2021-02-15 12:12:39,749 DEBUG o.h.e.j.s.SqlStatementLogger [main] create table product (id binary not null, currency integer, description varchar(255), name varchar(255), price decimal(19,2), primary key (id))
2021-02-15 12:12:39,770 INFO o.h.e.t.j.p.i.JtaPlatformInitiator [main] HHH000490: Using JtaPlatform implementation: [org.hibernate.engine.transaction.jta.platform.internal.NoJtaPlatform]
2021-02-15 12:12:39,786 INFO o.s.o.j.AbstractEntityManagerFactoryBean [main] Initialized JPA EntityManagerFactory for persistence unit 'default'
2021-02-15 12:12:41,455 WARN o.s.b.a.o.j.JpaBaseConfiguration$JpaWebConfiguration [main] spring.jpa.open-in-view is enabled by default. Therefore, database queries may be performed during view rendering. Explicitly configure spring.jpa.open-in-view to disable this warning
2021-02-15 12:12:42,445 INFO o.s.s.c.ExecutorConfigurationSupport [main] Initializing ExecutorService 'applicationTaskExecutor'
2021-02-15 12:12:47,306 INFO o.s.c.c.u.InetUtils [main] Cannot determine local hostname
2021-02-15 12:12:47,473 INFO o.s.b.StartupInfoLogger [main] Started ProductAppApplicationTests in 18.548 seconds (JVM running for 22.352)
2021-02-15 12:12:48,042 INFO o.s.t.c.s.AbstractTestContextBootstrapper [main] Neither @ContextConfiguration nor @ContextHierarchy found for test class [com.tnf.usecase.service.impl.UserServiceImplTests], using SpringBootContextLoader
2021-02-15 12:12:48,045 INFO o.s.t.c.s.AbstractContextLoader [main] Could not detect default resource locations for test class [com.tnf.usecase.service.impl.UserServiceImplTests]: no resource found for suffixes {-context.xml, Context.groovy}.
2021-02-15 12:12:48,047 INFO o.s.t.c.s.AnnotationConfigContextLoaderUtils [main] Could not detect default configuration classes for test class [com.tnf.usecase.service.impl.UserServiceImplTests]: UserServiceImplTests does not declare any static, non-private, non-final, nested classes annotated with @Configuration.
2021-02-15 12:12:48,079 INFO o.s.b.t.c.SpringBootTestContextBootstrapper [main] Found @SpringBootConfiguration com.tnf.usecase.ProductAppApplication for test class com.tnf.usecase.service.impl.UserServiceImplTests
2021-02-15 12:12:48,085 INFO o.s.t.c.s.AbstractTestContextBootstrapper [main] Loaded default TestExecutionListener class names from location [META-INF/spring.factories]: [org.springframework.boot.test.mock.mockito.MockitoTestExecutionListener, org.springframework.boot.test.mock.mockito.ResetMocksTestExecutionListener, org.springframework.boot.test.autoconfigure.restdocs.RestDocsTestExecutionListener, org.springframework.boot.test.autoconfigure.web.client.MockRestServiceServerResetTestExecutionListener, org.springframework.boot.test.autoconfigure.web.servlet.MockMvcPrintOnlyOnFailureTestExecutionListener, org.springframework.boot.test.autoconfigure.web.servlet.WebDriverTestExecutionListener, org.springframework.boot.test.autoconfigure.webservices.client.MockWebServiceServerTestExecutionListener, org.springframework.test.context.web.ServletTestExecutionListener, org.springframework.test.context.support.DirtiesContextBeforeModesTestExecutionListener, org.springframework.test.context.event.ApplicationEventsTestExecutionListener, org.springframework.test.context.support.DependencyInjectionTestExecutionListener, org.springframework.test.context.support.DirtiesContextTestExecutionListener, org.springframework.test.context.transaction.TransactionalTestExecutionListener, org.springframework.test.context.jdbc.SqlScriptsTestExecutionListener, org.springframework.test.context.event.EventPublishingTestExecutionListener]
2021-02-15 12:12:48,087 INFO o.s.t.c.s.AbstractTestContextBootstrapper [main] Using TestExecutionListeners: [org.springframework.test.context.web.ServletTestExecutionListener@c9234a0, org.springframework.test.context.support.DirtiesContextBeforeModesTestExecutionListener@46bbcb82, org.springframework.test.context.event.ApplicationEventsTestExecutionListener@b91e024, org.springframework.boot.test.mock.mockito.MockitoTestExecutionListener@309ac89e, org.springframework.boot.test.autoconfigure.SpringBootDependencyInjectionTestExecutionListener@2db0dd19, org.springframework.test.context.support.DirtiesContextTestExecutionListener@354ff4f6, org.springframework.test.context.transaction.TransactionalTestExecutionListener@315bb2bb, org.springframework.test.context.jdbc.SqlScriptsTestExecutionListener@57e35236, org.springframework.test.context.event.EventPublishingTestExecutionListener@7c9015c6, org.springframework.boot.test.mock.mockito.ResetMocksTestExecutionListener@36b2b6e6, org.springframework.boot.test.autoconfigure.restdocs.RestDocsTestExecutionListener@5a9004e1, org.springframework.boot.test.autoconfigure.web.client.MockRestServiceServerResetTestExecutionListener@17af9f67, org.springframework.boot.test.autoconfigure.web.servlet.MockMvcPrintOnlyOnFailureTestExecutionListener@6b6d8671, org.springframework.boot.test.autoconfigure.web.servlet.WebDriverTestExecutionListener@484b187c, org.springframework.boot.test.autoconfigure.webservices.client.MockWebServiceServerTestExecutionListener@1226ba98]
2021-02-15 12:12:48,898 INFO o.s.s.c.ExecutorConfigurationSupport [SpringContextShutdownHook] Shutting down ExecutorService 'applicationTaskExecutor'
2021-02-15 12:12:48,905 INFO o.s.o.j.AbstractEntityManagerFactoryBean [SpringContextShutdownHook] Closing JPA EntityManagerFactory for persistence unit 'default'
2021-02-15 12:12:48,906 INFO o.h.t.s.i.SchemaDropperImpl$DelayedDropActionImpl [SpringContextShutdownHook] HHH000477: Starting delayed evictData of schema as part of SessionFactory shut-down'
2021-02-15 12:12:48,908 DEBUG o.h.e.j.s.SqlStatementLogger [SpringContextShutdownHook] drop table if exists product CASCADE 
2021-02-15 12:12:48,919 INFO c.z.h.HikariDataSource [SpringContextShutdownHook] HikariPool-1 - Shutdown initiated...
2021-02-15 12:12:48,927 INFO c.z.h.HikariDataSource [SpringContextShutdownHook] HikariPool-1 - Shutdown completed.
